2020-03-14 21:33:35.647021: W tensorflow/stream_executor/platform/default/dso_loader.cc:55] Could not load dynamic library 'libnvinfer.so.6'; dlerror: libnvinfer.so.6: cannot open shared object file: No such file or directory; LD_LIBRARY_PATH: /ssoft/spack/paien/v2/opt/spack/linux-rhel7-x86_E5v2_Mellanox_GPU/gcc-6.4.0/openblas-0.2.20-2pegluj6ooc6a43nj4omvn5xjnytdbqd/lib:/ssoft/spack/paien/v2/opt/spack/linux-rhel7-x86_E5v2_Mellanox_GPU/gcc-6.4.0/mvapich2-2.3rc2-pmnkf53th5qa4e3c6bosai4h3qixbkjw/lib:/ssoft/spack/paien/v2/opt/spack/linux-rhel7-x86_E5v2_Mellanox_GPU/gcc-6.4.0/cudnn-6.0-ttykxkxslnycryvzr5gm6ptsh2spz3mv/lib64:/ssoft/spack/paien/v2/opt/spack/linux-rhel7-x86_E5v2_Mellanox_GPU/gcc-6.4.0/cuda-9.1.85-qrb6dpbuhogia6oonjhj7du6afxdnkvr/lib64:/ssoft/spack/paien/v2/opt/spack/linux-rhel7-x86_E5v2_Mellanox_GPU/gcc-4.8.5/gcc-6.4.0-erlrzwzfyblwgmlyyi2tzqziveaazowy/lib64:/ssoft/spack/paien/v2/opt/spack/linux-rhel7-x86_E5v2_Mellanox_GPU/gcc-4.8.5/gcc-6.4.0-erlrzwzfyblwgmlyyi2tzqziveaazowy/lib
2020-03-14 21:33:35.647239: W tensorflow/stream_executor/platform/default/dso_loader.cc:55] Could not load dynamic library 'libnvinfer_plugin.so.6'; dlerror: libnvinfer_plugin.so.6: cannot open shared object file: No such file or directory; LD_LIBRARY_PATH: /ssoft/spack/paien/v2/opt/spack/linux-rhel7-x86_E5v2_Mellanox_GPU/gcc-6.4.0/openblas-0.2.20-2pegluj6ooc6a43nj4omvn5xjnytdbqd/lib:/ssoft/spack/paien/v2/opt/spack/linux-rhel7-x86_E5v2_Mellanox_GPU/gcc-6.4.0/mvapich2-2.3rc2-pmnkf53th5qa4e3c6bosai4h3qixbkjw/lib:/ssoft/spack/paien/v2/opt/spack/linux-rhel7-x86_E5v2_Mellanox_GPU/gcc-6.4.0/cudnn-6.0-ttykxkxslnycryvzr5gm6ptsh2spz3mv/lib64:/ssoft/spack/paien/v2/opt/spack/linux-rhel7-x86_E5v2_Mellanox_GPU/gcc-6.4.0/cuda-9.1.85-qrb6dpbuhogia6oonjhj7du6afxdnkvr/lib64:/ssoft/spack/paien/v2/opt/spack/linux-rhel7-x86_E5v2_Mellanox_GPU/gcc-4.8.5/gcc-6.4.0-erlrzwzfyblwgmlyyi2tzqziveaazowy/lib64:/ssoft/spack/paien/v2/opt/spack/linux-rhel7-x86_E5v2_Mellanox_GPU/gcc-4.8.5/gcc-6.4.0-erlrzwzfyblwgmlyyi2tzqziveaazowy/lib
2020-03-14 21:33:35.647257: W tensorflow/compiler/tf2tensorrt/utils/py_utils.cc:30] Cannot dlopen some TensorRT libraries. If you would like to use Nvidia GPU with TensorRT, please make sure the missing libraries mentioned above are installed properly.
Using TensorFlow backend.
COMET INFO: Experiment is live on comet.ml https://www.comet.ml/kjappelbaum/color-ml/5529e73374774e7a92796e4d51e917a7

2020-03-14 21:34:07.052570: W tensorflow/stream_executor/platform/default/dso_loader.cc:55] Could not load dynamic library 'libcuda.so.1'; dlerror: libcuda.so.1: cannot open shared object file: No such file or directory; LD_LIBRARY_PATH: /ssoft/spack/paien/v2/opt/spack/linux-rhel7-x86_E5v2_Mellanox_GPU/gcc-6.4.0/openblas-0.2.20-2pegluj6ooc6a43nj4omvn5xjnytdbqd/lib:/ssoft/spack/paien/v2/opt/spack/linux-rhel7-x86_E5v2_Mellanox_GPU/gcc-6.4.0/mvapich2-2.3rc2-pmnkf53th5qa4e3c6bosai4h3qixbkjw/lib:/ssoft/spack/paien/v2/opt/spack/linux-rhel7-x86_E5v2_Mellanox_GPU/gcc-6.4.0/cudnn-6.0-ttykxkxslnycryvzr5gm6ptsh2spz3mv/lib64:/ssoft/spack/paien/v2/opt/spack/linux-rhel7-x86_E5v2_Mellanox_GPU/gcc-6.4.0/cuda-9.1.85-qrb6dpbuhogia6oonjhj7du6afxdnkvr/lib64:/ssoft/spack/paien/v2/opt/spack/linux-rhel7-x86_E5v2_Mellanox_GPU/gcc-4.8.5/gcc-6.4.0-erlrzwzfyblwgmlyyi2tzqziveaazowy/lib64:/ssoft/spack/paien/v2/opt/spack/linux-rhel7-x86_E5v2_Mellanox_GPU/gcc-4.8.5/gcc-6.4.0-erlrzwzfyblwgmlyyi2tzqziveaazowy/lib
2020-03-14 21:34:07.052673: E tensorflow/stream_executor/cuda/cuda_driver.cc:351] failed call to cuInit: UNKNOWN ERROR (303)
2020-03-14 21:34:07.052722: I tensorflow/stream_executor/cuda/cuda_diagnostics.cc:156] kernel driver does not appear to be running on this host (r02-node01): /proc/driver/nvidia/version does not exist
2020-03-14 21:34:07.068493: I tensorflow/core/platform/profile_utils/cpu_utils.cc:94] CPU Frequency: 2593795000 Hz
2020-03-14 21:34:07.070463: I tensorflow/compiler/xla/service/service.cc:168] XLA service 0x55e02313cfa0 initialized for platform Host (this does not guarantee that XLA will be used). Devices:
2020-03-14 21:34:07.070502: I tensorflow/compiler/xla/service/service.cc:176]   StreamExecutor device (0): Host, Default Version
Epoch 1 	mae: 0.4264027718768352
Epoch 2 	mae: 0.42068380566071073
Epoch 3 	mae: 0.4141951813964339
Epoch 4 	mae: 0.41574314433829374
Epoch 5 	mae: 0.410656835044079
Epoch 6 	mae: 0.4124931206016165
Epoch 7 	mae: 0.41218166445703985
Epoch 8 	mae: 0.409897979035751
Epoch 9 	mae: 0.4096095302840576
Epoch 10 	mae: 0.40901973027954325
srun: Job step aborted: Waiting up to 32 seconds for job step to finish.
slurmstepd: error: *** JOB 8097033 ON r02-node01 CANCELLED AT 2020-03-14T21:43:44 DUE TO TIME LIMIT ***
slurmstepd: error: *** STEP 8097033.0 ON r02-node01 CANCELLED AT 2020-03-14T21:43:44 DUE TO TIME LIMIT ***
